<?xml version="1.0" encoding="UTF-8"?>
<!-- Generated by org.testng.reporters.JUnitReportReporter -->
<testsuite hostname="DESKTOP-09QOKP7" failures="0" tests="2" name="tests.TestsExamples" time="4.374" errors="0" timestamp="2023-04-10T12:52:29 EDT" skipped="0">
  <testcase classname="tests.TestsExamples" name="test_1" time="2.895"/>
  <system-out/>
  <testcase classname="tests.TestsExamples" name="test_2" time="1.479"/>
  <system-out/>
</testsuite> <!-- tests.TestsExamples -->
