<?xml version="1.0" encoding="UTF-8"?>
<!-- Generated by org.testng.reporters.JUnitReportReporter -->
<testsuite hostname="DESKTOP-09QOKP7" failures="0" tests="1" name="tests.SoapXMLRequest" time="3.093" errors="0" timestamp="2023-05-14T12:38:57 EDT" skipped="0">
  <testcase classname="tests.SoapXMLRequest" name="validateSoapXML" time="3.093"/>
  <system-out/>
</testsuite> <!-- tests.SoapXMLRequest -->
