<?xml version="1.0" encoding="UTF-8"?>
<!-- Generated by org.testng.reporters.JUnitReportReporter -->
<testsuite hostname="DESKTOP-09QOKP7" failures="0" tests="1" name="TC001_GET_REQUEST" time="2.625" errors="0" timestamp="2023-04-09T12:51:29 EDT" skipped="0">
  <testcase classname="TC001_GET_REQUEST" name="getweatherDetails" time="2.625"/>
  <system-out/>
</testsuite> <!-- TC001_GET_REQUEST -->
