<?xml version="1.0" encoding="UTF-8"?>
<!-- Generated by org.testng.reporters.JUnitReportReporter -->
<testsuite hostname="DESKTOP-09QOKP7" failures="0" tests="1" name="tests.GetAndPostExamples" time="3.087" errors="0" timestamp="2023-04-16T12:20:02 EDT" skipped="0">
  <testcase classname="tests.GetAndPostExamples" name="testPost" time="3.087"/>
  <system-out/>
</testsuite> <!-- tests.GetAndPostExamples -->
