<?xml version="1.0" encoding="UTF-8"?>
<!-- Generated by org.testng.reporters.JUnitReportReporter -->
<testsuite hostname="DESKTOP-09QOKP7" failures="0" tests="1" name="tests.TestsOnLocalAPI" time="4.192" errors="0" timestamp="2023-05-02T11:45:28 EDT" skipped="0">
  <testcase classname="tests.TestsOnLocalAPI" name="delete" time="4.192"/>
  <system-out/>
</testsuite> <!-- tests.TestsOnLocalAPI -->
