<?xml version="1.0" encoding="UTF-8"?>
<!-- Generated by org.testng.reporters.JUnitReportReporter -->
<testsuite hostname="DESKTOP-09QOKP7" failures="0" tests="3" name="tests.PutPatchDeleteExamples" time="3.627" errors="0" timestamp="2023-04-16T12:33:25 EDT" skipped="0">
  <testcase classname="tests.PutPatchDeleteExamples" name="testPatct" time="0.461"/>
  <system-out/>
  <testcase classname="tests.PutPatchDeleteExamples" name="testPut" time="0.363"/>
  <system-out/>
  <testcase classname="tests.PutPatchDeleteExamples" name="testDelete" time="2.803"/>
  <system-out/>
</testsuite> <!-- tests.PutPatchDeleteExamples -->
